0001   0000             ;----------------------------------
0002   0000             ; Southern Cross ALED - ARGB  board 
0003   0000             ;----------------------------------
0004   0000             ;
0005   0000             ; Craig RS Jones	Dec 2024
0006   0000             ;
0007   0000             ; 'colorful' sequencer
0008   0000             ; 
0009   0000             ; this program outputs four colours, blue,red,yellow,green
0010   0000             ; shifting the starting colour to the next colour in the list
0011   0000             ; for each write to the ARGB string.
0012   0000             
0013   0000             shifter	.equ	10h	;ALED board I/O Address
0014   0000             
0015   0000             ; the number of ARGB's. Less than 255, divisible by four.
0016   0000             
0017   0000             LEDs	.equ	96	;number of WS2812B LEDs
0018   0000             
0019   2000             	.org	2000h
0020   2000             ;
0021   2000             ; show a four colour re-circulating colour sequence on the LED strip
0022   2000             ;
0023   2000             start
0024   2000 06 FA       	ld	b,250
0025   2002 CD 61 20    	call	msdelay
0026   2005             
0027   2005 21 6B 20    	ld	hl,seq1	;seq1=blue,red,yellow,green 
0028   2008 CD 2F 20    	call	show
0029   200B             
0030   200B 06 FA       	ld	b,250
0031   200D CD 61 20    	call	msdelay
0032   2010             
0033   2010 21 6E 20    	ld	hl,seq2	;seq2=red,yellow,green,blue
0034   2013 CD 2F 20    	call	show
0035   2016             
0036   2016 06 FA       	ld	b,250
0037   2018 CD 61 20    	call	msdelay
0038   201B             
0039   201B 21 71 20    	ld	hl,seq3	;seq3=yellow,green,blue,red
0040   201E CD 2F 20    	call	show
0041   2021             
0042   2021 06 FA       	ld	b,250
0043   2023 CD 61 20    	call	msdelay
0044   2026             
0045   2026 21 74 20    	ld	hl,seq4	;seq4=green,blue,red,yellow
0046   2029 CD 2F 20    	call	show
0047   202C             
0048   202C C3 00 20    	jp	start
0049   202F             
0050   202F             ;fill the strip with one sequence
0051   202F             
0052   202F             show	
0053   202F 54          	ld	d,h
0054   2030 5D          	ld	e,l	;save the sequence pointer
0055   2031 0E 18       	ld	c,LEDs/4	;No. of leds / 4 LED pattern
0056   2033             show1
0057   2033 62          	ld	h,d
0058   2034 6B          	ld	l,e	;restore the sequence pointer
0059   2035 06 04       	ld	b,4	;show the four colour sequence
0060   2037             show2
0061   2037 7E          	ld	a,(hl)
0062   2038 D3 10       	out	(shifter),a	;output green data
0063   203A 23          	inc	hl
0064   203B 00          	nop
0065   203C 00          	nop
0066   203D 00          	nop
0067   203E 00          	nop
0068   203F 00          	nop
0069   2040             
0070   2040 7E          	ld	a,(hl)
0071   2041 D3 10       	out	(shifter),a	;output red data
0072   2043 23          	inc	hl
0073   2044 00          	nop
0074   2045 00          	nop
0075   2046 00          	nop
0076   2047 00          	nop
0077   2048 00          	nop
0078   2049             
0079   2049 7E          	ld	a,(hl)
0080   204A D3 10       	out	(shifter),a	;output blue data
0081   204C 23          	inc	hl
0082   204D 00          	nop
0083   204E 00          	nop
0084   204F 00          	nop
0085   2050 00          	nop
0086   2051 00          	nop
0087   2052 10 E3       	djnz	show2	;output all four colours?
0088   2054 0D          	dec	c
0089   2055 20 DC       	jr	nz,show1	;end of the strip?
0090   2057 CD 5B 20    	call	ResetDelay	;finished the strip
0091   205A C9          	ret
0092   205B             ;-----------------------
0093   205B             ; end the light sequence
0094   205B             ;-----------------------
0095   205B             ResetDelay
0096   205B 06 10       	ld	b,$10
0097   205D 00          ResetDelay1	nop
0098   205E 10 FD       	djnz	ResetDelay1
0099   2060 C9          	ret
0100   2061             ;------------------
0101   2061             ; millisecond delay
0102   2061             ;------------------
0103   2061             ; approx. 1 millisecond delay
0104   2061             ; 
0105   2061             ; entry : b = 1 to 255 milliseconds
0106   2061             ; exit  : b = 0
0107   2061             ;
0108   2061 C5          msdelay	push	bc	;11t
0109   2062 06 E9       	ld	b,233	;7t
0110   2064 00          msdel1	nop	;4t
0111   2065 10 FD       	djnz	msdel1	;nz=13t,z=8t
0112   2067 C1          	pop	bc	;10t
0113   2068 10 F7       	djnz	msdelay	;nz=13t,z=8t
0114   206A C9          	ret	;10t
0115   206B             
0116   206B             ;seq1=blue,red,yellow,green 
0117   206B             seq1
0118   206B 0F 00 1A    	.db	$0f,$00,$1a	; blue
0119   206E             ;seq2=red,yellow,green,blue
0120   206E             seq2
0121   206E 00 20 00    	.db	$00,$20,$00	; red
0122   2071             	
0123   2071             ;seq3=yellow,green,blue,red
0124   2071             seq3
0125   2071 18 1E 00    	.db	$18,$1e,$00	; yellow
0126   2074             	
0127   2074             ;seq4=green,blue,red,yellow
0128   2074             seq4
0129   2074 1E 00 00    	.db	$1e,$00,$00	; green
0130   2077 0F 00 1A    	.db	$0f,$00,$1a	; blue
0131   207A 00 20 00    	.db	$00,$20,$00	; red
0132   207D 18 1E 00    	.db	$18,$1e,$00	; yellow
0133   2080             	.end


Label        Value      Label        Value      Label        Value
------------------      ------------------      ------------------
LEDs          0060      ResetDelay    205B      ResetDelay1   205D      
msdelay       2061      msdel1        2064      shifter       0010      
start         2000      show          202F      show1         2033      
show2         2037      seq1          206B      seq2          206E      
seq3          2071      seq4          2074      

tasm: Number of errors = 0
